<?xml version="1.0" encoding="UTF-8"?>
<testsuite xmlns:xsi="http://www.w3.org/2001/XMLSchema-instance" xsi:noNamespaceSchemaLocation="https://maven.apache.org/surefire/maven-surefire-plugin/xsd/surefire-test-report.xsd" name="com.discrod.receipt.AppTest" time="0.105" tests="1" errors="0" skipped="0" failures="0">
  <properties>
    <property name="sun.desktop" value="windows"/>
    <property name="awt.toolkit" value="sun.awt.windows.WToolkit"/>
    <property name="java.specification.version" value="11"/>
    <property name="sun.cpu.isalist" value="amd64"/>
    <property name="sun.jnu.encoding" value="Cp1252"/>
    <property name="java.class.path" value="C:\Users\TMCRO\Documents\GitHub\discord-receipt-tracker\tracker\target\test-classes;C:\Users\TMCRO\Documents\GitHub\discord-receipt-tracker\tracker\target\classes;C:\Users\TMCRO\.m2\repository\junit\junit\4.11\junit-4.11.jar;C:\Users\TMCRO\.m2\repository\org\hamcrest\hamcrest-core\1.3\hamcrest-core-1.3.jar;C:\Users\TMCRO\.m2\repository\net\dv8tion\JDA\4.0.0_73\JDA-4.0.0_73.jar;C:\Users\TMCRO\.m2\repository\com\google\code\findbugs\jsr305\3.0.2\jsr305-3.0.2.jar;C:\Users\TMCRO\.m2\repository\org\jetbrains\annotations\16.0.1\annotations-16.0.1.jar;C:\Users\TMCRO\.m2\repository\org\slf4j\slf4j-api\1.7.25\slf4j-api-1.7.25.jar;C:\Users\TMCRO\.m2\repository\com\neovisionaries\nv-websocket-client\2.5\nv-websocket-client-2.5.jar;C:\Users\TMCRO\.m2\repository\com\squareup\okhttp3\okhttp\3.13.0\okhttp-3.13.0.jar;C:\Users\TMCRO\.m2\repository\com\squareup\okio\okio\1.17.2\okio-1.17.2.jar;C:\Users\TMCRO\.m2\repository\club\minnced\opus-java-api\1.0.4\opus-java-api-1.0.4.jar;C:\Users\TMCRO\.m2\repository\net\java\dev\jna\jna\4.4.0\jna-4.4.0.jar;C:\Users\TMCRO\.m2\repository\club\minnced\opus-java-natives\1.0.4\opus-java-natives-1.0.4.jar;C:\Users\TMCRO\.m2\repository\org\apache\commons\commons-collections4\4.1\commons-collections4-4.1.jar;C:\Users\TMCRO\.m2\repository\net\sf\trove4j\trove4j\3.0.3\trove4j-3.0.3.jar;C:\Users\TMCRO\.m2\repository\com\fasterxml\jackson\core\jackson-databind\2.9.8\jackson-databind-2.9.8.jar;C:\Users\TMCRO\.m2\repository\com\fasterxml\jackson\core\jackson-annotations\2.9.0\jackson-annotations-2.9.0.jar;C:\Users\TMCRO\.m2\repository\com\fasterxml\jackson\core\jackson-core\2.9.8\jackson-core-2.9.8.jar;"/>
    <property name="java.vm.vendor" value="Oracle Corporation"/>
    <property name="sun.arch.data.model" value="64"/>
    <property name="user.variant" value=""/>
    <property name="java.vendor.url" value="http://java.oracle.com/"/>
    <property name="user.timezone" value="America/Chicago"/>
    <property name="java.vm.specification.version" value="11"/>
    <property name="os.name" value="Windows 10"/>
    <property name="sun.java.launcher" value="SUN_STANDARD"/>
    <property name="user.country" value="US"/>
    <property name="sun.boot.library.path" value="C:\Program Files\Java\jdk-11.0.2\bin"/>
    <property name="sun.java.command" value="C:\Users\TMCRO\AppData\Local\Temp\surefire16689749792109496300\surefirebooter8520950404140782159.jar C:\Users\TMCRO\AppData\Local\Temp\surefire16689749792109496300 2020-01-31T19-44-56_149-jvmRun1 surefire7649143163949347292tmp surefire_013464722773970360124tmp"/>
    <property name="jdk.debug" value="release"/>
    <property name="surefire.test.class.path" value="C:\Users\TMCRO\Documents\GitHub\discord-receipt-tracker\tracker\target\test-classes;C:\Users\TMCRO\Documents\GitHub\discord-receipt-tracker\tracker\target\classes;C:\Users\TMCRO\.m2\repository\junit\junit\4.11\junit-4.11.jar;C:\Users\TMCRO\.m2\repository\org\hamcrest\hamcrest-core\1.3\hamcrest-core-1.3.jar;C:\Users\TMCRO\.m2\repository\net\dv8tion\JDA\4.0.0_73\JDA-4.0.0_73.jar;C:\Users\TMCRO\.m2\repository\com\google\code\findbugs\jsr305\3.0.2\jsr305-3.0.2.jar;C:\Users\TMCRO\.m2\repository\org\jetbrains\annotations\16.0.1\annotations-16.0.1.jar;C:\Users\TMCRO\.m2\repository\org\slf4j\slf4j-api\1.7.25\slf4j-api-1.7.25.jar;C:\Users\TMCRO\.m2\repository\com\neovisionaries\nv-websocket-client\2.5\nv-websocket-client-2.5.jar;C:\Users\TMCRO\.m2\repository\com\squareup\okhttp3\okhttp\3.13.0\okhttp-3.13.0.jar;C:\Users\TMCRO\.m2\repository\com\squareup\okio\okio\1.17.2\okio-1.17.2.jar;C:\Users\TMCRO\.m2\repository\club\minnced\opus-java-api\1.0.4\opus-java-api-1.0.4.jar;C:\Users\TMCRO\.m2\repository\net\java\dev\jna\jna\4.4.0\jna-4.4.0.jar;C:\Users\TMCRO\.m2\repository\club\minnced\opus-java-natives\1.0.4\opus-java-natives-1.0.4.jar;C:\Users\TMCRO\.m2\repository\org\apache\commons\commons-collections4\4.1\commons-collections4-4.1.jar;C:\Users\TMCRO\.m2\repository\net\sf\trove4j\trove4j\3.0.3\trove4j-3.0.3.jar;C:\Users\TMCRO\.m2\repository\com\fasterxml\jackson\core\jackson-databind\2.9.8\jackson-databind-2.9.8.jar;C:\Users\TMCRO\.m2\repository\com\fasterxml\jackson\core\jackson-annotations\2.9.0\jackson-annotations-2.9.0.jar;C:\Users\TMCRO\.m2\repository\com\fasterxml\jackson\core\jackson-core\2.9.8\jackson-core-2.9.8.jar;"/>
    <property name="sun.cpu.endian" value="little"/>
    <property name="user.home" value="C:\Users\TMCRO"/>
    <property name="user.language" value="en"/>
    <property name="java.specification.vendor" value="Oracle Corporation"/>
    <property name="java.version.date" value="2019-01-15"/>
    <property name="java.home" value="C:\Program Files\Java\jdk-11.0.2"/>
    <property name="file.separator" value="\"/>
    <property name="basedir" value="C:\Users\TMCRO\Documents\GitHub\discord-receipt-tracker\tracker"/>
    <property name="java.vm.compressedOopsMode" value="32-bit"/>
    <property name="line.separator" value="&#10;"/>
    <property name="java.specification.name" value="Java Platform API Specification"/>
    <property name="java.vm.specification.vendor" value="Oracle Corporation"/>
    <property name="java.awt.graphicsenv" value="sun.awt.Win32GraphicsEnvironment"/>
    <property name="surefire.real.class.path" value="C:\Users\TMCRO\AppData\Local\Temp\surefire16689749792109496300\surefirebooter8520950404140782159.jar"/>
    <property name="user.script" value=""/>
    <property name="sun.management.compiler" value="HotSpot 64-Bit Tiered Compilers"/>
    <property name="java.runtime.version" value="11.0.2+9-LTS"/>
    <property name="user.name" value="TMCRO"/>
    <property name="path.separator" value=";"/>
    <property name="os.version" value="10.0"/>
    <property name="java.runtime.name" value="Java(TM) SE Runtime Environment"/>
    <property name="file.encoding" value="Cp1252"/>
    <property name="java.vm.name" value="Java HotSpot(TM) 64-Bit Server VM"/>
    <property name="java.vendor.version" value="18.9"/>
    <property name="localRepository" value="C:\Users\TMCRO\.m2\repository"/>
    <property name="java.vendor.url.bug" value="http://bugreport.java.com/bugreport/"/>
    <property name="java.io.tmpdir" value="C:\Users\TMCRO\AppData\Local\Temp\"/>
    <property name="java.version" value="11.0.2"/>
    <property name="user.dir" value="C:\Users\TMCRO\Documents\GitHub\discord-receipt-tracker\tracker"/>
    <property name="os.arch" value="amd64"/>
    <property name="java.vm.specification.name" value="Java Virtual Machine Specification"/>
    <property name="java.awt.printerjob" value="sun.awt.windows.WPrinterJob"/>
    <property name="sun.os.patch.level" value=""/>
    <property name="java.library.path" value="C:\Program Files\Java\jdk-11.0.2\bin;C:\WINDOWS\Sun\Java\bin;C:\WINDOWS\system32;C:\WINDOWS;C:\Program Files (x86)\Common Files\Oracle\Java\javapath;C:\Program Files (x86)\Intel\Intel(R) Management Engine Components\iCLS\;C:\Program Files\Intel\Intel(R) Management Engine Components\iCLS\;C:\Windows\system32;C:\Windows;C:\Windows\System32\Wbem;C:\Windows\System32\WindowsPowerShell\v1.0\;C:\Program Files (x86)\Intel\Intel(R) Management Engine Components\DAL;C:\Program Files\Intel\Intel(R) Management Engine Components\DAL;C:\Program Files (x86)\Intel\Intel(R) Management Engine Components\IPT;C:\Program Files\Intel\Intel(R) Management Engine Components\IPT;C:\Program Files (x86)\NVIDIA Corporation\PhysX\Common;C:\Program Files\Intel\WiFi\bin\;C:\Program Files\Common Files\Intel\WirelessCommon\;C:\WINDOWS\system32;C:\WINDOWS;C:\WINDOWS\System32\Wbem;C:\WINDOWS\System32\WindowsPowerShell\v1.0\;C:\WINDOWS\System32\OpenSSH\;C:\Program Files\dotnet\;C:\Program Files\PuTTY\;C:\Program Files\Git\cmd;C:\Program Files\Microsoft SQL Server\Client SDK\ODBC\130\Tools\Binn\;C:\Program Files (x86)\Microsoft SQL Server\140\Tools\Binn\;C:\Program Files\Microsoft SQL Server\140\Tools\Binn\;C:\Program Files\Microsoft SQL Server\140\DTS\Binn\;C:\Users\TMCRO\Documents\Maven\apache-maven-3.6.0\bin;C:\Program Files (x86)\Microsoft SQL Server\Client SDK\ODBC\130\Tools\Binn\;C:\Program Files (x86)\Microsoft SQL Server\140\DTS\Binn\;C:\Program Files (x86)\Microsoft SQL Server\140\Tools\Binn\ManagementStudio\;C:\Program Files\Microsoft SQL Server\130\Tools\Binn\;C:\Program Files\Microsoft SQL Server\Client SDK\ODBC\170\Tools\Binn\;C:\Users\TMCRO\AppData\Local\Programs\Python\Python37-32;C:\Users\TMCRO\Documents\flutter\.pub-cache\bin;C:\Users\TMCRO\Documents\flutter\bin\cache\dart-sdk\bin;C:\Users\TMCRO\Documents\flutter\bin;C:\Users\TMCRO\Documents\Gradle\gradle-6.0-all\gradle-6.0\bin;C:\Program Files\MySQL\MySQL Shell 8.0\bin;C:\Program Files (x86)\Vim\vim81;C:\Program Files\MySQL\MySQL Shell 8.0\bin\;C:\Users\TMCRO\AppData\Local\Programs\Python\Python37-32\Scripts\;C:\Users\TMCRO\AppData\Local\Programs\Python\Python37-32\;C:\Users\TMCRO\AppData\Local\Microsoft\WindowsApps;C:\Users\TMCRO\AppData\Local\GitHubDesktop\bin;C:\Users\TMCRO\Documents\flutter\bin;C:\Program Files\Java\jdk-11.0.2\bin;C:\Users\TMCRO\Documents\Maven\apache-maven-3.6.0\bin;C:\Users\TMCRO\AppData\Local\Programs\Microsoft VS Code\bin;C:\Users\TMCRO\AppData\Local\Microsoft\WindowsApps;C:\Program Files\JetBrains\IntelliJ IDEA Community Edition 2019.2.3\bin;;C:\Users\TMCRO\Documents\flutter\bin\cache\dart-sdk\bin;C:\Users\TMCRO\Documents\flutter\.pub-cache\bin;C:\Users\TMCRO\Documents\Gradle\gradle-6.0-all\gradle-6.0\bin;C:\Program Files\MySQL\MySQL Shell 8.0\bin;C:\Program Files (x86)\Vim\vim81;;."/>
    <property name="java.vendor" value="Oracle Corporation"/>
    <property name="java.vm.info" value="mixed mode"/>
    <property name="java.vm.version" value="11.0.2+9-LTS"/>
    <property name="sun.io.unicode.encoding" value="UnicodeLittle"/>
    <property name="java.class.version" value="55.0"/>
  </properties>
  <testcase name="shouldAnswerWithTrue" classname="com.discrod.receipt.AppTest" time="0.007"/>
</testsuite>